<?xml version="1.0" encoding="UTF-8"?>
<!-- Generated by org.testng.reporters.JUnitXMLReporter -->
<testsuite hostname="admin1-desktop" ignored="0" name="TestOne" tests="3" failures="1" timestamp="2020-02-07T15:30:32 IST" time="0.124" errors="0">
  <testcase name="testMethodFail" time="0.008" classname="com.excelreport.qa.TestClassOne">
    <failure type="java.lang.AssertionError" message="did not expect to find [true] but found [false]">
      <![CDATA[java.lang.AssertionError: did not expect to find [true] but found [false]
at com.excelreport.qa.TestClassOne.testMethodFail(TestClassOne.java:15)
at java.util.ArrayList.forEach(ArrayList.java:1257)
... Removed 31 stack frames]]>
    </failure>
  </testcase> <!-- testMethodFail -->
  <testcase name="testMethodPass" time="0.001" classname="com.excelreport.qa.TestClassOne"/>
  <testcase name="testMethodSkip" time="0.003" classname="com.excelreport.qa.TestClassOne">
    <skipped/>
  </testcase> <!-- testMethodSkip -->
</testsuite> <!-- TestOne -->
